ACH_Connector_Project>>BRK>>default>>0>>1511939723590
2871<<Administration Result<<2017-11-29 12:45:53.226 IST<<bandaru<<deploy<<C:/oab_production/GeneratedBarFiles/ACH_Connector_Projectproject.generated.bar<<BAR<<default<<ExecutionGroup<<COMPLETE
ACH_Connector_Project>>BRK>>default>>0>>1512021493056
2871<<Administration Result<<2017-11-30 11:28:59.863 IST<<bandaru<<deploy<<C:/oab_production/GeneratedBarFiles/ACH_Connector_Projectproject.generated.bar<<BAR<<default<<ExecutionGroup<<COMPLETE
ACH_Connector_Project>>BRK>>default>>0>>1512022398078
2871<<Administration Result<<2017-11-30 11:44:32.799 IST<<bandaru<<deploy<<C:/oab_production/GeneratedBarFiles/ACH_Connector_Projectproject.generated.bar<<BAR<<default<<ExecutionGroup<<COMPLETE
ACH_Connector_Project>>BRK>>Oab>>2>>1512900832487
2853<<BRK<<2017-12-10 15:44:31.040 IST<<bandaru     <<Oab<<<<<<<<<<<<<<<<
2865<<BRK<<2017-12-10 15:44:31.041 IST<<'bandaru     '<<'Oab'<<'SYSTEM.BROKER.AUTH.Oab'
2852<<BRK<<2017-12-10 15:44:31.041 IST<<bandaru<<deploy<<C:/oab_production/GeneratedBarFiles/ACH_Connector_Projectproject.generated.bar<<BAR<<Write<<Oab<<ExecutionGroup<<<<<<
ACH_Connector_Project>>BRK>>default>>0>>1512900846394
2871<<Administration Result<<2017-12-10 15:45:12.329 IST<<bandaru<<deploy<<C:/oab_production/GeneratedBarFiles/ACH_Connector_Projectproject.generated.bar<<BAR<<default<<ExecutionGroup<<COMPLETE
ACH_Connector_Project>>BRK>>default>>0>>1512900928046
2871<<Administration Result<<2017-12-10 15:46:02.228 IST<<bandaru<<deploy<<C:/oab_production/GeneratedBarFiles/ACH_Connector_Projectproject.generated.bar<<BAR<<default<<ExecutionGroup<<COMPLETE
ACH_Connector_Project>>BRK>>default>>0>>1512903365223
2871<<Administration Result<<2017-12-10 16:26:51.669 IST<<bandaru<<deploy<<C:/oab_production/GeneratedBarFiles/ACH_Connector_Projectproject.generated.bar<<BAR<<default<<ExecutionGroup<<COMPLETE
ACH_Connector_Project>>BRK>>default>>0>>1512903898139
2871<<Administration Result<<2017-12-10 16:36:19.959 IST<<bandaru<<deploy<<C:/oab_production/GeneratedBarFiles/ACH_Connector_Projectproject.generated.bar<<BAR<<default<<ExecutionGroup<<COMPLETE
ACH_Connector_Project>>BRK>>default>>0>>1512904346652
2871<<Administration Result<<2017-12-10 16:43:21.563 IST<<bandaru<<deploy<<C:/oab_production/GeneratedBarFiles/ACH_Connector_Projectproject.generated.bar<<BAR<<default<<ExecutionGroup<<COMPLETE
ACH_Connector_Project>>BRK>>default>>0>>1512904390390
2871<<Administration Result<<2017-12-10 16:43:49.243 IST<<bandaru<<deploy<<C:/oab_production/GeneratedBarFiles/ACH_Connector_Projectproject.generated.bar<<BAR<<default<<ExecutionGroup<<COMPLETE
ACH_Connector_Project>>BRK>>default>>0>>1512906829268
2871<<Administration Result<<2017-12-10 17:24:29.541 IST<<bandaru<<deploy<<C:/oab_production/GeneratedBarFiles/ACH_Connector_Projectproject.generated.bar<<BAR<<default<<ExecutionGroup<<COMPLETE
ACH_Connector_Project>>BRK>>default>>0>>1512907695201
2871<<Administration Result<<2017-12-10 17:38:53.650 IST<<bandaru<<deploy<<C:/oab_production/GeneratedBarFiles/ACH_Connector_Projectproject.generated.bar<<BAR<<default<<ExecutionGroup<<COMPLETE
ACH_Connector_Project>>BRK>>default>>0>>1512908692950
2871<<Administration Result<<2017-12-10 17:55:38.883 IST<<bandaru<<deploy<<C:/oab_production/GeneratedBarFiles/ACH_Connector_Projectproject.generated.bar<<BAR<<default<<ExecutionGroup<<COMPLETE
ACH_Connector_Project>>BRK>>default>>0>>1512908977202
2871<<Administration Result<<2017-12-10 18:00:15.028 IST<<bandaru<<deploy<<C:/oab_production/GeneratedBarFiles/ACH_Connector_Projectproject.generated.bar<<BAR<<default<<ExecutionGroup<<COMPLETE
ACH_Connector_Project>>BRK>>default>>0>>1512909218891
2871<<Administration Result<<2017-12-10 18:04:56.709 IST<<bandaru<<deploy<<C:/oab_production/GeneratedBarFiles/ACH_Connector_Projectproject.generated.bar<<BAR<<default<<ExecutionGroup<<COMPLETE
ACH_Connector_Project>>BRK>>default>>0>>1512909596233
2871<<Administration Result<<2017-12-10 18:10:37.948 IST<<bandaru<<deploy<<C:/oab_production/GeneratedBarFiles/ACH_Connector_Projectproject.generated.bar<<BAR<<default<<ExecutionGroup<<COMPLETE
ACH_Connector_Project>>BRK>>default>>0>>1512910476237
2871<<Administration Result<<2017-12-10 18:25:50.178 IST<<bandaru<<deploy<<C:/oab_production/GeneratedBarFiles/ACH_Connector_Projectproject.generated.bar<<BAR<<default<<ExecutionGroup<<COMPLETE
ACH_Connector_Project>>BRK>>default>>0>>1512910744306
2871<<Administration Result<<2017-12-10 18:29:42.502 IST<<bandaru<<deploy<<C:/oab_production/GeneratedBarFiles/ACH_Connector_Projectproject.generated.bar<<BAR<<default<<ExecutionGroup<<COMPLETE
